<?xml version="1.0" encoding="UTF-8"?>
<!-- Generated by org.testng.reporters.JUnitXMLReporter -->
<testsuite ignored="0" hostname="Archana" failures="2" tests="7" name="ChromeTest" time="415.718" errors="0" timestamp="2022-09-29T12:55:38 IST">
  <testcase classname="TempTestNg2.ToVerifyAllTab" name="@BeforeMethod toVerifyAllbutton" time="94.833">
    <failure type="org.openqa.selenium.TimeoutException" message="Expected condition failed: waiting for visibility of Proxy element for: DefaultElementLocator &amp;apos;By.xpath: //a[@data-menu-id=&amp;apos;11&amp;apos;]&amp;apos; (tried for 20 second(s) with 500 milliseconds interval)">
      <![CDATA[org.openqa.selenium.TimeoutException: Expected condition failed: waiting for visibility of Proxy element for: DefaultElementLocator 'By.xpath: //a[@data-menu-id='11']' (tried for 20 second(s) with 500 milliseconds interval)
at org.openqa.selenium.support.ui.WebDriverWait.timeoutException(WebDriverWait.java:95)
at org.openqa.selenium.support.ui.FluentWait.until(FluentWait.java:272)
at AmazonePages.AllTab.openWomensFashion(AllTab.java:32)
at TempTestNg2.ToVerifyAllTab.toVerifyAllbutton(ToVerifyAllTab.java:70)
at java.base/java.util.ArrayList.forEach(ArrayList.java:1511)
at java.base/java.util.concurrent.FutureTask.run(FutureTask.java:264)
at java.base/java.util.concurrent.ThreadPoolExecutor.runWorker(ThreadPoolExecutor.java:1136)
at java.base/java.util.concurrent.ThreadPoolExecutor$Worker.run(ThreadPoolExecutor.java:635)
at java.base/java.lang.Thread.run(Thread.java:833)
Caused by: org.openqa.selenium.NoSuchElementException: no such element: Unable to locate element: {"method":"xpath","selector":"//a[@data-menu-id='11']"}
  (Session info: chrome=106.0.5249.61)
For documentation on this error, please visit: https://www.seleniumhq.org/exceptions/no_such_element.html
Build info: version: '3.141.59', revision: 'e82be7d358', time: '2018-11-14T08:17:03'
System info: host: 'ARCHANA', ip: '192.168.1.28', os.name: 'Windows 10', os.arch: 'amd64', os.version: '10.0', java.version: '18.0.1.1'
Driver info: org.openqa.selenium.chrome.ChromeDriver
Capabilities {acceptInsecureCerts: false, browserName: chrome, browserVersion: 106.0.5249.61, chrome: {chromedriverVersion: 105.0.5195.52 (412c95e51883..., userDataDir: C:\Users\Samir\AppData\Loca...}, goog:chromeOptions: {debuggerAddress: localhost:55128}, javascriptEnabled: true, networkConnectionEnabled: false, pageLoadStrategy: normal, platform: WINDOWS, platformName: WINDOWS, proxy: Proxy(), setWindowRect: true, strictFileInteractability: false, timeouts: {implicit: 0, pageLoad: 300000, script: 30000}, unhandledPromptBehavior: dismiss and notify, webauthn:extension:credBlob: true, webauthn:extension:largeBlob: true, webauthn:virtualAuthenticators: true}
Session ID: c3a1b17b65e4fc26281b03e8f6f1887d
*** Element info: {Using=xpath, value=//a[@data-menu-id='11']}
at org.openqa.selenium.remote.http.W3CHttpResponseCodec.createException(W3CHttpResponseCodec.java:187)
at org.openqa.selenium.remote.http.W3CHttpResponseCodec.decode(W3CHttpResponseCodec.java:122)
at org.openqa.selenium.remote.http.W3CHttpResponseCodec.decode(W3CHttpResponseCodec.java:49)
at org.openqa.selenium.remote.HttpCommandExecutor.execute(HttpCommandExecutor.java:158)
at org.openqa.selenium.remote.service.DriverCommandExecutor.execute(DriverCommandExecutor.java:83)
at org.openqa.selenium.remote.RemoteWebDriver.execute(RemoteWebDriver.java:552)
at org.openqa.selenium.remote.RemoteWebDriver.findElement(RemoteWebDriver.java:323)
at org.openqa.selenium.remote.RemoteWebDriver.findElementByXPath(RemoteWebDriver.java:428)
at org.openqa.selenium.By$ByXPath.findElement(By.java:353)
at org.openqa.selenium.remote.RemoteWebDriver.findElement(RemoteWebDriver.java:315)
at org.openqa.selenium.support.pagefactory.DefaultElementLocator.findElement(DefaultElementLocator.java:69)
at org.openqa.selenium.support.pagefactory.internal.LocatingElementHandler.invoke(LocatingElementHandler.java:38)
at jdk.proxy2/jdk.proxy2.$Proxy18.isDisplayed(Unknown Source)
at org.openqa.selenium.support.ui.ExpectedConditions.elementIfVisible(ExpectedConditions.java:314)
at org.openqa.selenium.support.ui.ExpectedConditions.access$000(ExpectedConditions.java:43)
at org.openqa.selenium.support.ui.ExpectedConditions$10.apply(ExpectedConditions.java:300)
at org.openqa.selenium.support.ui.ExpectedConditions$10.apply(ExpectedConditions.java:297)
at org.openqa.selenium.support.ui.FluentWait.until(FluentWait.java:249)
... 27 more
... Removed 23 stack frames]]>
    </failure>
  </testcase> <!-- @BeforeMethod toVerifyAllbutton -->
  <testcase classname="TempTestNg2.ToVerifyAllTab" name="@AfterMethod sscrenshot" time="-1.664436104969E9">
    <skipped/>
  </testcase> <!-- @AfterMethod sscrenshot -->
  <testcase classname="TempTestNg2.ToVerifyAllTab" name="@BeforeMethod toVerifyAllbutton" time="-1.664436104973E9">
    <skipped/>
  </testcase> <!-- @BeforeMethod toVerifyAllbutton -->
  <testcase classname="TempTestNg2.ToVerifyAllTab" name="@AfterMethod sscrenshot" time="-1.66443610499E9">
    <skipped/>
  </testcase> <!-- @AfterMethod sscrenshot -->
  <testcase classname="TempTestNg2.ToVerifyAllTab" name="@AfterClass cleanPOMObjects" time="-1.664436104996E9">
    <skipped/>
  </testcase> <!-- @AfterClass cleanPOMObjects -->
  <testcase classname="TempTestNg2.ToVerifyAllTab" name="@AfterTest closedBrowser" time="-1.664436338291E9">
    <skipped/>
  </testcase> <!-- @AfterTest closedBrowser -->
  <testcase classname="TestPack.ToVerifyFacebookHomePage" name="@AfterTest closedBrowser" time="-1.664436338294E9">
    <skipped/>
  </testcase> <!-- @AfterTest closedBrowser -->
  <testcase classname="TempTestNg2.ToVerifyProductPage" name="@AfterTest closedBrowser" time="-1.664436338296E9">
    <skipped/>
  </testcase> <!-- @AfterTest closedBrowser -->
  <testcase classname="TestPack.ToVerifyFacebookHomePage" name="toVerifyLogInPage" time="18.506">
    <failure type="java.lang.AssertionError" message="The password that you&amp;apos;ve entered is incorrect. Forgotten password? expected [(2) Facebook] but found [Log in to Facebook]">
      <![CDATA[java.lang.AssertionError: The password that you've entered is incorrect. Forgotten password? expected [(2) Facebook] but found [Log in to Facebook]
at TestPack.ToVerifyFacebookHomePage.toVerifyLogInPage(ToVerifyFacebookHomePage.java:104)
at java.base/java.util.ArrayList.forEach(ArrayList.java:1511)
at java.base/java.util.concurrent.FutureTask.run(FutureTask.java:264)
at java.base/java.util.concurrent.ThreadPoolExecutor.runWorker(ThreadPoolExecutor.java:1136)
at java.base/java.util.concurrent.ThreadPoolExecutor$Worker.run(ThreadPoolExecutor.java:635)
at java.base/java.lang.Thread.run(Thread.java:833)
... Removed 21 stack frames]]>
    </failure>
  </testcase> <!-- toVerifyLogInPage -->
  <testcase classname="TestPack.ToVerifyFacebookHomePage" name="toVerifySignUpPage" time="8.886">
    <failure type="java.lang.AssertionError" message="expected [Facebook] but found [Sign up for Facebook | Facebook]">
      <![CDATA[java.lang.AssertionError: expected [Facebook] but found [Sign up for Facebook | Facebook]
at TestPack.ToVerifyFacebookHomePage.toVerifySignUpPage(ToVerifyFacebookHomePage.java:87)
at java.base/java.util.ArrayList.forEach(ArrayList.java:1511)
at java.base/java.util.concurrent.FutureTask.run(FutureTask.java:264)
at java.base/java.util.concurrent.ThreadPoolExecutor.runWorker(ThreadPoolExecutor.java:1136)
at java.base/java.util.concurrent.ThreadPoolExecutor$Worker.run(ThreadPoolExecutor.java:635)
at java.base/java.lang.Thread.run(Thread.java:833)
... Removed 22 stack frames]]>
    </failure>
  </testcase> <!-- toVerifySignUpPage -->
  <testcase classname="TempTestNg2.ToVerifyAllTab" name="verifyHandbagsButton" time="0.0">
    <skipped/>
  </testcase> <!-- verifyHandbagsButton -->
  <testcase classname="TempTestNg2.ToVerifyAllTab" name="verifySandalsButton" time="0.0">
    <skipped/>
  </testcase> <!-- verifySandalsButton -->
  <testcase classname="TempTestNg2.ToVerifyProductPage" name="verifyaddToCart" time="24.8"/>
  <testcase classname="TempTestNg2.ToVerifyProductPage" name="verifyBuyNowButton" time="29.306"/>
  <testcase classname="TempTestNg2.ToVerifyProductPage" name="verifyAddtoWishListButton" time="26.566"/>
</testsuite> <!-- ChromeTest -->
