<?xml version="1.0" encoding="UTF-8"?>
<!-- Generated by org.testng.reporters.JUnitXMLReporter -->
<testsuite ignored="0" hostname="DESKTOP-OQDRDFC" failures="3" tests="8" name="ChromeTest" time="85.89" errors="0" timestamp="2022-10-15T23:27:24 IST">
  <testcase classname="TempTestNg2.ToVerifyInstaLogInPageWithInvalidCreditioal" name="verifyInstaLogIn" time="3.579"/>
  <testcase classname="TestPack.ToVerifyFacebookHomePage" name="toVerifyLogInPage" time="7.371">
    <failure type="java.lang.AssertionError" message="The password that you&amp;apos;ve entered is incorrect. Forgotten password? expected [(2) Facebook] but found [Log in to Facebook]">
      <![CDATA[java.lang.AssertionError: The password that you've entered is incorrect. Forgotten password? expected [(2) Facebook] but found [Log in to Facebook]
at TestPack.ToVerifyFacebookHomePage.toVerifyLogInPage(ToVerifyFacebookHomePage.java:104)
at java.base/java.util.concurrent.ThreadPoolExecutor.runWorker(ThreadPoolExecutor.java:1144)
at java.base/java.util.concurrent.ThreadPoolExecutor$Worker.run(ThreadPoolExecutor.java:642)
at java.base/java.lang.Thread.run(Thread.java:1589)
... Removed 15 stack frames]]>
    </failure>
  </testcase> <!-- toVerifyLogInPage -->
  <testcase classname="TempTestNg2.ToVerifyAllTab" name="verifyHandbagsButton" time="5.396"/>
  <testcase classname="TestPack.ToVerifyFacebookHomePage" name="toVerifySignUpPage" time="5.291">
    <failure type="java.lang.AssertionError" message="expected [Facebook] but found [Sign up for Facebook | Facebook]">
      <![CDATA[java.lang.AssertionError: expected [Facebook] but found [Sign up for Facebook | Facebook]
at TestPack.ToVerifyFacebookHomePage.toVerifySignUpPage(ToVerifyFacebookHomePage.java:87)
at java.base/java.util.concurrent.ThreadPoolExecutor.runWorker(ThreadPoolExecutor.java:1144)
at java.base/java.util.concurrent.ThreadPoolExecutor$Worker.run(ThreadPoolExecutor.java:642)
at java.base/java.lang.Thread.run(Thread.java:1589)
... Removed 16 stack frames]]>
    </failure>
  </testcase> <!-- toVerifySignUpPage -->
  <testcase classname="TempTestNg2.ToVerifyAllTab" name="verifySandalsButton" time="2.922"/>
  <testcase classname="TempTestNg2.ToVerifyProductPage" name="verifyaddToCart" time="7.786">
    <failure type="java.lang.AssertionError" message="expected [Samsung Galaxy M32 (Black, 4GB RAM, 64GB | FHD+ sAMOLED 90Hz Display | 6000mAh Battery | 64MP Quad Camera : Amazon.in] but found [Samsung Galaxy M32 (Black, 4GB RAM, 64GB | FHD+ sAMOLED 90Hz Display | 6000mAh Battery | 64MP Quad Camera : Amazon.in: Electronics]">
      <![CDATA[java.lang.AssertionError: expected [Samsung Galaxy M32 (Black, 4GB RAM, 64GB | FHD+ sAMOLED 90Hz Display | 6000mAh Battery | 64MP Quad Camera : Amazon.in] but found [Samsung Galaxy M32 (Black, 4GB RAM, 64GB | FHD+ sAMOLED 90Hz Display | 6000mAh Battery | 64MP Quad Camera : Amazon.in: Electronics]
at TempTestNg2.ToVerifyProductPage.verifyaddToCart(ToVerifyProductPage.java:84)
at java.base/java.util.concurrent.ThreadPoolExecutor.runWorker(ThreadPoolExecutor.java:1144)
at java.base/java.util.concurrent.ThreadPoolExecutor$Worker.run(ThreadPoolExecutor.java:642)
at java.base/java.lang.Thread.run(Thread.java:1589)
... Removed 16 stack frames]]>
    </failure>
  </testcase> <!-- verifyaddToCart -->
  <testcase classname="TempTestNg2.ToVerifyProductPage" name="verifyBuyNowButton" time="9.906"/>
  <testcase classname="TempTestNg2.ToVerifyProductPage" name="verifyAddtoWishListButton" time="8.523"/>
</testsuite> <!-- ChromeTest -->
